[ERROR] 2019-05-20 20:50:59.663: WHAT thread has wrong name
[ERROR] 2019-05-20 20:51:04.645: WHAT thread has wrong name
[INFO ] 2019-05-20 20:52:12.743: Dealer 9, Auto 7(Body: 2, Engine: 3, Accessories 1)
[INFO ] 2019-05-20 20:52:17.727: Dealer 9, Auto 14(Body: 4, Engine: 6, Accessories 5)
[INFO ] 2019-05-20 20:52:22.727: Dealer 9, Auto 18(Body: 8, Engine: 10, Accessories 9)
[INFO ] 2019-05-20 20:52:27.728: Dealer 9, Auto 25(Body: 11, Engine: 13, Accessories 12)
[INFO ] 2019-05-20 20:52:32.728: Dealer 9, Auto 32(Body: 15, Engine: 17, Accessories 16)
[INFO ] 2019-05-20 20:52:37.728: Dealer 9, Auto 36(Body: 19, Engine: 21, Accessories 20)
[INFO ] 2019-05-20 20:52:42.729: Dealer 9, Auto 43(Body: 22, Engine: 24, Accessories 23)
[INFO ] 2019-05-20 20:55:14.032: Dealer 9, Auto 7(Body: 2, Engine: 3, Accessories 1)
[INFO ] 2019-05-20 20:55:19.013: Dealer 9, Auto 14(Body: 6, Engine: 5, Accessories 4)
[INFO ] 2019-05-20 20:55:24.014: Dealer 9, Auto 18(Body: 10, Engine: 9, Accessories 8)
[INFO ] 2019-05-20 20:55:29.014: Dealer 9, Auto 25(Body: 13, Engine: 12, Accessories 11)
[INFO ] 2019-05-20 20:55:34.015: Dealer 9, Auto 32(Body: 15, Engine: 17, Accessories 16)
[INFO ] 2019-05-20 20:55:39.015: Dealer 9, Auto 36(Body: 20, Engine: 21, Accessories 19)
[INFO ] 2019-05-20 20:55:44.016: Dealer 9, Auto 43(Body: 23, Engine: 24, Accessories 22)
[INFO ] 2019-05-20 20:55:49.017: Dealer 9, Auto 50(Body: 27, Engine: 28, Accessories 26)
[INFO ] 2019-05-20 20:55:54.017: Dealer 9, Auto 54(Body: 30, Engine: 31, Accessories 29)
[INFO ] 2019-05-20 20:55:59.018: Dealer 9, Auto 61(Body: 35, Engine: 34, Accessories 33)
[INFO ] 2019-05-20 20:56:04.018: Dealer 9, Auto 68(Body: 38, Engine: 39, Accessories 37)
[INFO ] 2019-05-20 20:56:09.019: Dealer 9, Auto 72(Body: 41, Engine: 42, Accessories 40)
[INFO ] 2019-05-20 20:56:14.020: Dealer 9, Auto 79(Body: 46, Engine: 45, Accessories 44)
[INFO ] 2019-05-20 20:56:19.020: Dealer 9, Auto 86(Body: 49, Engine: 48, Accessories 47)
[INFO ] 2019-05-20 20:56:34.022: Dealer 9, Auto 90(Body: 52, Engine: 53, Accessories 51)
[INFO ] 2019-05-20 20:56:49.023: Dealer 9, Auto 97(Body: 55, Engine: 56, Accessories 57)
[INFO ] 2019-05-20 20:57:04.025: Dealer 9, Auto 101(Body: 58, Engine: 60, Accessories 59)
[INFO ] 2019-05-20 20:57:05.026: Dealer 9, Auto 105(Body: 62, Engine: 64, Accessories 63)
[INFO ] 2019-05-20 20:57:06.028: Dealer 9, Auto 109(Body: 66, Engine: 65, Accessories 67)
[INFO ] 2019-05-20 20:57:07.029: Dealer 9, Auto 113(Body: 70, Engine: 69, Accessories 71)
[INFO ] 2019-05-20 20:57:08.030: Dealer 9, Auto 117(Body: 75, Engine: 73, Accessories 74)
[INFO ] 2019-05-20 20:57:09.032: Dealer 9, Auto 121(Body: 78, Engine: 76, Accessories 77)
[INFO ] 2019-05-20 20:57:10.034: Dealer 9, Auto 125(Body: 82, Engine: 80, Accessories 81)
[INFO ] 2019-05-20 20:57:11.035: Dealer 9, Auto 129(Body: 85, Engine: 83, Accessories 84)
[INFO ] 2019-05-20 20:57:14.025: Dealer 9, Auto 133(Body: 89, Engine: 87, Accessories 88)
[INFO ] 2019-05-20 20:57:19.026: Dealer 9, Auto 137(Body: 92, Engine: 91, Accessories 93)
[INFO ] 2019-05-20 20:57:34.027: Dealer 9, Auto 141(Body: 96, Engine: 94, Accessories 95)
[INFO ] 2019-05-20 20:57:49.029: Dealer 9, Auto 145(Body: 99, Engine: 98, Accessories 100)
[INFO ] 2019-05-20 20:58:04.030: Dealer 9, Auto 149(Body: 102, Engine: 103, Accessories 104)
[INFO ] 2019-05-20 20:58:19.032: Dealer 9, Auto 153(Body: 107, Engine: 106, Accessories 108)
[INFO ] 2019-05-20 20:58:34.033: Dealer 9, Auto 157(Body: 110, Engine: 112, Accessories 111)
[INFO ] 2019-05-20 20:58:49.035: Dealer 9, Auto 161(Body: 114, Engine: 115, Accessories 116)
[INFO ] 2019-05-20 20:59:04.036: Dealer 9, Auto 165(Body: 118, Engine: 119, Accessories 120)
[INFO ] 2019-05-20 20:59:11.039: Dealer 9, Auto 169(Body: 124, Engine: 122, Accessories 123)
[INFO ] 2019-05-20 20:59:12.040: Dealer 9, Auto 173(Body: 126, Engine: 127, Accessories 128)
[INFO ] 2019-05-20 20:59:13.041: Dealer 9, Auto 177(Body: 130, Engine: 131, Accessories 132)
[INFO ] 2019-05-20 20:59:14.050: Dealer 9, Auto 181(Body: 136, Engine: 134, Accessories 135)
[INFO ] 2019-05-20 20:59:15.052: Dealer 9, Auto 185(Body: 138, Engine: 140, Accessories 139)
[INFO ] 2019-05-20 20:59:16.053: Dealer 9, Auto 189(Body: 142, Engine: 143, Accessories 144)
[INFO ] 2019-05-20 20:59:17.055: Dealer 9, Auto 193(Body: 147, Engine: 146, Accessories 148)
[INFO ] 2019-05-20 20:59:18.056: Dealer 9, Auto 197(Body: 151, Engine: 152, Accessories 150)
[INFO ] 2019-05-20 20:59:19.058: Dealer 9, Auto 201(Body: 154, Engine: 155, Accessories 156)
[INFO ] 2019-05-20 20:59:20.059: Dealer 9, Auto 205(Body: 158, Engine: 159, Accessories 160)
[INFO ] 2019-05-20 20:59:21.061: Dealer 9, Auto 209(Body: 162, Engine: 163, Accessories 164)
[INFO ] 2019-05-20 20:59:22.062: Dealer 9, Auto 213(Body: 167, Engine: 168, Accessories 166)
[INFO ] 2019-05-20 20:59:23.064: Dealer 9, Auto 217(Body: 170, Engine: 172, Accessories 171)
[INFO ] 2019-05-20 20:59:26.040: Dealer 9, Auto 221(Body: 176, Engine: 175, Accessories 174)
[INFO ] 2019-05-20 20:59:31.041: Dealer 9, Auto 225(Body: 180, Engine: 179, Accessories 178)
[INFO ] 2019-05-20 20:59:36.041: Dealer 9, Auto 229(Body: 183, Engine: 182, Accessories 184)
[INFO ] 2019-05-20 20:59:41.042: Dealer 9, Auto 233(Body: 188, Engine: 186, Accessories 187)
[INFO ] 2019-05-20 20:59:46.042: Dealer 9, Auto 237(Body: 190, Engine: 192, Accessories 191)
[INFO ] 2019-05-20 20:59:51.043: Dealer 9, Auto 241(Body: 196, Engine: 194, Accessories 195)
[INFO ] 2019-05-20 20:59:56.043: Dealer 9, Auto 245(Body: 198, Engine: 199, Accessories 200)
[INFO ] 2019-05-20 21:00:01.044: Dealer 9, Auto 249(Body: 204, Engine: 202, Accessories 203)
[INFO ] 2019-05-20 21:00:06.044: Dealer 9, Auto 253(Body: 208, Engine: 206, Accessories 207)
[INFO ] 2019-05-20 21:00:11.045: Dealer 9, Auto 257(Body: 210, Engine: 211, Accessories 212)
[INFO ] 2019-05-20 21:00:16.045: Dealer 9, Auto 261(Body: 216, Engine: 214, Accessories 215)
[INFO ] 2019-05-20 21:00:21.046: Dealer 9, Auto 265(Body: 218, Engine: 219, Accessories 220)
[INFO ] 2019-05-20 21:00:26.046: Dealer 9, Auto 269(Body: 222, Engine: 223, Accessories 224)
[INFO ] 2019-05-20 21:00:31.047: Dealer 9, Auto 273(Body: 227, Engine: 228, Accessories 226)
[INFO ] 2019-05-20 21:00:36.047: Dealer 9, Auto 277(Body: 230, Engine: 231, Accessories 232)
[INFO ] 2019-05-20 21:00:41.047: Dealer 9, Auto 281(Body: 234, Engine: 235, Accessories 236)
[INFO ] 2019-05-20 21:00:46.048: Dealer 9, Auto 285(Body: 238, Engine: 239, Accessories 240)
[INFO ] 2019-05-20 21:00:51.049: Dealer 9, Auto 289(Body: 244, Engine: 242, Accessories 243)
[INFO ] 2019-05-20 21:00:56.049: Dealer 9, Auto 293(Body: 246, Engine: 247, Accessories 248)
[INFO ] 2019-05-20 21:01:01.050: Dealer 9, Auto 297(Body: 250, Engine: 251, Accessories 252)
[INFO ] 2019-05-20 21:01:06.050: Dealer 9, Auto 301(Body: 254, Engine: 255, Accessories 256)
[INFO ] 2019-05-20 21:02:27.594: Dealer 9, Auto 20(Body: 1, Engine: 3, Accessories 17)
[INFO ] 2019-05-20 21:02:42.578: Dealer 9, Auto 28(Body: 2, Engine: 7, Accessories 25)
[INFO ] 2019-05-20 21:05:20.005: Dealer 9, Auto 12(Body: 4, Engine: 1, Accessories 3)
[INFO ] 2019-05-20 21:05:24.981: Dealer 9, Auto 22(Body: 9, Engine: 2, Accessories 8)
[INFO ] 2019-05-20 21:05:29.981: Dealer 9, Auto 29(Body: 15, Engine: 5, Accessories 14)
[INFO ] 2019-05-20 21:05:44.983: Dealer 9, Auto 33(Body: 20, Engine: 6, Accessories 19)
[INFO ] 2019-05-20 21:05:59.984: Dealer 9, Auto 39(Body: 26, Engine: 7, Accessories 25)
[INFO ] 2019-05-20 21:06:14.986: Dealer 9, Auto 45(Body: 28, Engine: 10, Accessories 27)
[INFO ] 2019-05-20 21:08:36.990: Dealer 9, Auto 7(Body: 2, Engine: 3, Accessories 1)
[INFO ] 2019-05-20 21:08:41.972: Dealer 9, Auto 14(Body: 4, Engine: 5, Accessories 6)
[DEBUG] 2019-05-20 21:09:03.503: carFactory attached
[DEBUG] 2019-05-20 21:09:07.229: I'm dealer.
[DEBUG] 2019-05-20 21:09:07.233: I'm carfactory.CarBody Supplier.
[DEBUG] 2019-05-20 21:09:07.234: I'm carfactory.CarEngine Supplier.
[DEBUG] 2019-05-20 21:09:07.233: I'm carfactory.CarAccessories Supplier.
[DEBUG] 2019-05-20 21:09:07.236: I'm worker
[DEBUG] 2019-05-20 21:09:07.238: getLock.wait()pool-3-thread-1
[DEBUG] 2019-05-20 21:09:10.231: getLock.wait()Thread-9
[DEBUG] 2019-05-20 21:09:10.235: getLock.wait()pool-3-thread-1
[DEBUG] 2019-05-20 21:09:11.698: dealer time chahged
[DEBUG] 2019-05-20 21:09:11.710: dealer time chahged
[DEBUG] 2019-05-20 21:09:11.724: dealer time chahged
[DEBUG] 2019-05-20 21:09:11.737: dealer time chahged
[DEBUG] 2019-05-20 21:09:11.749: dealer time chahged
[DEBUG] 2019-05-20 21:09:11.762: dealer time chahged
[DEBUG] 2019-05-20 21:09:11.775: dealer time chahged
[DEBUG] 2019-05-20 21:09:11.788: dealer time chahged
[DEBUG] 2019-05-20 21:09:11.802: dealer time chahged
[DEBUG] 2019-05-20 21:09:11.814: dealer time chahged
[DEBUG] 2019-05-20 21:09:11.827: dealer time chahged
[DEBUG] 2019-05-20 21:09:11.844: dealer time chahged
[DEBUG] 2019-05-20 21:09:11.855: dealer time chahged
[DEBUG] 2019-05-20 21:09:11.865: dealer time chahged
[DEBUG] 2019-05-20 21:09:11.878: dealer time chahged
[DEBUG] 2019-05-20 21:09:11.892: dealer time chahged
[DEBUG] 2019-05-20 21:09:11.905: dealer time chahged
[DEBUG] 2019-05-20 21:09:11.917: dealer time chahged
[DEBUG] 2019-05-20 21:09:11.934: dealer time chahged
[DEBUG] 2019-05-20 21:09:11.947: dealer time chahged
[DEBUG] 2019-05-20 21:09:11.958: dealer time chahged
[DEBUG] 2019-05-20 21:09:11.972: dealer time chahged
[DEBUG] 2019-05-20 21:09:11.994: dealer time chahged
[DEBUG] 2019-05-20 21:09:12.084: dealer time chahged
[DEBUG] 2019-05-20 21:09:12.100: dealer time chahged
[DEBUG] 2019-05-20 21:09:13.807: dealer time chahged
[DEBUG] 2019-05-20 21:09:13.826: dealer time chahged
[DEBUG] 2019-05-20 21:09:13.837: dealer time chahged
[DEBUG] 2019-05-20 21:09:13.845: dealer time chahged
[DEBUG] 2019-05-20 21:09:13.859: dealer time chahged
[DEBUG] 2019-05-20 21:09:13.872: dealer time chahged
[DEBUG] 2019-05-20 21:09:13.884: dealer time chahged
[DEBUG] 2019-05-20 21:09:13.897: dealer time chahged
[DEBUG] 2019-05-20 21:09:13.910: dealer time chahged
[DEBUG] 2019-05-20 21:09:13.927: dealer time chahged
[DEBUG] 2019-05-20 21:09:13.936: dealer time chahged
[DEBUG] 2019-05-20 21:09:15.238: Car (ID: 7) added to the CarStorage
[DEBUG] 2019-05-20 21:09:15.238: Car taken from the storage.
[INFO ] 2019-05-20 21:09:15.253: Dealer 9, Auto 7(Body: 1, Engine: 2, Accessories 3)
[DEBUG] 2019-05-20 21:09:17.379: Interrupted. Finished.
[DEBUG] 2019-05-20 21:09:17.379: Interrupted. Finished.
[DEBUG] 2019-05-20 21:09:17.379: Interrupted. Finished.
[DEBUG] 2019-05-20 21:09:17.380: Interrupted. Finished.
[DEBUG] 2019-05-20 21:09:17.379: carFactory.stop()
[DEBUG] 2019-05-20 21:09:17.379: Interrupted. Finished.
[DEBUG] 2019-05-20 21:10:19.379: carFactory attached
[DEBUG] 2019-05-20 21:11:04.498: I'm dealer.
[DEBUG] 2019-05-20 21:11:04.502: I'm carfactory.CarAccessories Supplier.
[DEBUG] 2019-05-20 21:11:04.503: I'm worker
[DEBUG] 2019-05-20 21:11:04.503: getLock.wait()pool-3-thread-1
[DEBUG] 2019-05-20 21:11:04.505: I'm carfactory.CarBody Supplier.
[DEBUG] 2019-05-20 21:11:04.505: I'm carfactory.CarEngine Supplier.
[DEBUG] 2019-05-20 21:11:07.502: getLock.wait()Thread-9
[DEBUG] 2019-05-20 21:11:12.508: Car taken from the storage.
[DEBUG] 2019-05-20 21:11:12.509: Car (ID: 7) added to the CarStorage
[INFO ] 2019-05-20 21:11:12.523: Dealer 9, Auto 7(Body: 2, Engine: 3, Accessories 1)
[DEBUG] 2019-05-20 21:11:15.524: getLock.wait()Thread-9
[DEBUG] 2019-05-20 21:11:17.510: Car (ID: 14) added to the CarStorage
[DEBUG] 2019-05-20 21:11:17.510: Car taken from the storage.
[INFO ] 2019-05-20 21:11:17.511: Dealer 9, Auto 14(Body: 5, Engine: 6, Accessories 4)
[DEBUG] 2019-05-20 21:11:20.513: getLock.wait()Thread-9
[DEBUG] 2019-05-20 21:11:22.142: dealer time chahged
[DEBUG] 2019-05-20 21:11:22.166: dealer time chahged
[DEBUG] 2019-05-20 21:11:22.179: dealer time chahged
[DEBUG] 2019-05-20 21:11:22.190: dealer time chahged
[DEBUG] 2019-05-20 21:11:22.202: dealer time chahged
[DEBUG] 2019-05-20 21:11:22.214: dealer time chahged
[DEBUG] 2019-05-20 21:11:22.227: dealer time chahged
[DEBUG] 2019-05-20 21:11:22.243: dealer time chahged
[DEBUG] 2019-05-20 21:11:22.255: dealer time chahged
[DEBUG] 2019-05-20 21:11:22.265: dealer time chahged
[DEBUG] 2019-05-20 21:11:22.276: dealer time chahged
[DEBUG] 2019-05-20 21:11:22.296: dealer time chahged
[DEBUG] 2019-05-20 21:11:22.302: dealer time chahged
[DEBUG] 2019-05-20 21:11:22.314: dealer time chahged
[DEBUG] 2019-05-20 21:11:22.341: dealer time chahged
[DEBUG] 2019-05-20 21:11:22.353: dealer time chahged
[DEBUG] 2019-05-20 21:11:22.367: dealer time chahged
[DEBUG] 2019-05-20 21:11:22.380: dealer time chahged
[DEBUG] 2019-05-20 21:11:22.391: dealer time chahged
[DEBUG] 2019-05-20 21:11:22.410: dealer time chahged
[DEBUG] 2019-05-20 21:11:22.428: dealer time chahged
[DEBUG] 2019-05-20 21:11:22.446: dealer time chahged
[DEBUG] 2019-05-20 21:11:22.458: dealer time chahged
[DEBUG] 2019-05-20 21:11:22.469: dealer time chahged
[DEBUG] 2019-05-20 21:11:22.483: dealer time chahged
[DEBUG] 2019-05-20 21:11:22.496: dealer time chahged
[DEBUG] 2019-05-20 21:11:22.508: dealer time chahged
[DEBUG] 2019-05-20 21:11:22.511: Car taken from the storage.
[DEBUG] 2019-05-20 21:11:22.511: Car (ID: 21) added to the CarStorage
[INFO ] 2019-05-20 21:11:22.512: Dealer 9, Auto 21(Body: 10, Engine: 9, Accessories 8)
[DEBUG] 2019-05-20 21:11:22.521: dealer time chahged
[DEBUG] 2019-05-20 21:11:22.534: dealer time chahged
[DEBUG] 2019-05-20 21:11:22.547: dealer time chahged
[DEBUG] 2019-05-20 21:11:22.560: dealer time chahged
[DEBUG] 2019-05-20 21:11:22.573: dealer time chahged
[DEBUG] 2019-05-20 21:11:22.584: dealer time chahged
[DEBUG] 2019-05-20 21:11:22.598: dealer time chahged
[DEBUG] 2019-05-20 21:11:22.611: dealer time chahged
[DEBUG] 2019-05-20 21:11:22.623: dealer time chahged
[DEBUG] 2019-05-20 21:11:22.637: dealer time chahged
[DEBUG] 2019-05-20 21:11:27.512: Car (ID: 25) added to the CarStorage
[DEBUG] 2019-05-20 21:11:29.512: Car taken from the storage.
[INFO ] 2019-05-20 21:11:29.513: Dealer 9, Auto 25(Body: 13, Engine: 12, Accessories 11)
[DEBUG] 2019-05-20 21:11:29.801: dealer time chahged
[DEBUG] 2019-05-20 21:11:29.817: dealer time chahged
[DEBUG] 2019-05-20 21:11:29.826: dealer time chahged
[DEBUG] 2019-05-20 21:11:29.837: dealer time chahged
[DEBUG] 2019-05-20 21:11:29.849: dealer time chahged
[DEBUG] 2019-05-20 21:11:29.864: dealer time chahged
[DEBUG] 2019-05-20 21:11:29.876: dealer time chahged
[DEBUG] 2019-05-20 21:11:29.887: dealer time chahged
[DEBUG] 2019-05-20 21:11:29.898: dealer time chahged
[DEBUG] 2019-05-20 21:11:29.910: dealer time chahged
[DEBUG] 2019-05-20 21:11:29.922: dealer time chahged
[DEBUG] 2019-05-20 21:11:29.936: dealer time chahged
[DEBUG] 2019-05-20 21:11:29.949: dealer time chahged
[DEBUG] 2019-05-20 21:11:29.960: dealer time chahged
[DEBUG] 2019-05-20 21:11:29.984: dealer time chahged
[DEBUG] 2019-05-20 21:11:30.000: dealer time chahged
[DEBUG] 2019-05-20 21:11:32.513: Car (ID: 32) added to the CarStorage
[DEBUG] 2019-05-20 21:11:34.971: dealer time chahged
[DEBUG] 2019-05-20 21:11:34.987: dealer time chahged
[DEBUG] 2019-05-20 21:11:34.998: dealer time chahged
[DEBUG] 2019-05-20 21:11:35.008: dealer time chahged
[DEBUG] 2019-05-20 21:11:35.019: dealer time chahged
[DEBUG] 2019-05-20 21:11:35.034: dealer time chahged
[DEBUG] 2019-05-20 21:11:35.045: dealer time chahged
[DEBUG] 2019-05-20 21:11:35.057: dealer time chahged
[DEBUG] 2019-05-20 21:11:35.068: dealer time chahged
[DEBUG] 2019-05-20 21:11:35.081: dealer time chahged
[DEBUG] 2019-05-20 21:11:35.094: dealer time chahged
[DEBUG] 2019-05-20 21:11:35.106: dealer time chahged
[DEBUG] 2019-05-20 21:11:35.119: dealer time chahged
[DEBUG] 2019-05-20 21:11:35.131: dealer time chahged
[DEBUG] 2019-05-20 21:11:35.143: dealer time chahged
[DEBUG] 2019-05-20 21:11:35.154: dealer time chahged
[DEBUG] 2019-05-20 21:11:35.167: dealer time chahged
[DEBUG] 2019-05-20 21:11:35.180: dealer time chahged
[DEBUG] 2019-05-20 21:11:35.192: dealer time chahged
[DEBUG] 2019-05-20 21:11:35.204: dealer time chahged
[DEBUG] 2019-05-20 21:11:35.220: dealer time chahged
[DEBUG] 2019-05-20 21:11:35.230: dealer time chahged
[DEBUG] 2019-05-20 21:11:35.242: dealer time chahged
[DEBUG] 2019-05-20 21:11:37.514: Car (ID: 39) added to the CarStorage
[DEBUG] 2019-05-20 21:11:38.514: Car taken from the storage.
[INFO ] 2019-05-20 21:11:38.515: Dealer 9, Auto 32(Body: 17, Engine: 16, Accessories 15)
[DEBUG] 2019-05-20 21:11:39.516: Car taken from the storage.
[INFO ] 2019-05-20 21:11:39.517: Dealer 9, Auto 39(Body: 20, Engine: 19, Accessories 18)
[DEBUG] 2019-05-20 21:11:40.518: getLock.wait()Thread-9
[DEBUG] 2019-05-20 21:11:42.515: Car (ID: 43) added to the CarStorage
[DEBUG] 2019-05-20 21:11:42.515: Car taken from the storage.
[INFO ] 2019-05-20 21:11:42.516: Dealer 9, Auto 43(Body: 24, Engine: 23, Accessories 22)
[DEBUG] 2019-05-20 21:11:43.517: getLock.wait()Thread-9
[DEBUG] 2019-05-20 21:11:43.555: dealer time chahged
[DEBUG] 2019-05-20 21:11:43.567: dealer time chahged
[DEBUG] 2019-05-20 21:11:43.578: dealer time chahged
[DEBUG] 2019-05-20 21:11:43.592: dealer time chahged
[DEBUG] 2019-05-20 21:11:43.607: dealer time chahged
[DEBUG] 2019-05-20 21:11:43.616: dealer time chahged
[DEBUG] 2019-05-20 21:11:43.629: dealer time chahged
[DEBUG] 2019-05-20 21:11:43.642: dealer time chahged
[DEBUG] 2019-05-20 21:11:43.656: dealer time chahged
[DEBUG] 2019-05-20 21:11:43.668: dealer time chahged
[DEBUG] 2019-05-20 21:11:43.680: dealer time chahged
[DEBUG] 2019-05-20 21:11:43.692: dealer time chahged
[DEBUG] 2019-05-20 21:11:43.706: dealer time chahged
[DEBUG] 2019-05-20 21:11:43.719: dealer time chahged
[DEBUG] 2019-05-20 21:11:43.731: dealer time chahged
[DEBUG] 2019-05-20 21:11:43.745: dealer time chahged
[DEBUG] 2019-05-20 21:11:43.759: dealer time chahged
[DEBUG] 2019-05-20 21:11:47.516: Car (ID: 50) added to the CarStorage
[DEBUG] 2019-05-20 21:11:47.516: Car taken from the storage.
[INFO ] 2019-05-20 21:11:47.517: Dealer 9, Auto 50(Body: 27, Engine: 28, Accessories 26)
[DEBUG] 2019-05-20 21:11:52.517: Car (ID: 57) added to the CarStorage
[DEBUG] 2019-05-20 21:11:54.775: Interrupted. Finished.
[DEBUG] 2019-05-20 21:11:54.775: Interrupted. Finished.
[DEBUG] 2019-05-20 21:11:54.775: Interrupted. Finished.
[DEBUG] 2019-05-20 21:11:54.776: Interrupted. Finished.
[DEBUG] 2019-05-20 21:11:54.777: carFactory.stop()
[DEBUG] 2019-05-20 21:11:54.777: Interrupted. Finished.
[DEBUG] 2019-05-20 22:32:58.139: carFactory attached
[DEBUG] 2019-05-20 22:34:26.886: CarFactory has already started
[DEBUG] 2019-05-20 22:35:26.141: carFactory attached
[DEBUG] 2019-05-20 22:35:29.265: I'm dealer.
[DEBUG] 2019-05-20 22:35:29.274: I'm worker
[DEBUG] 2019-05-20 22:35:29.276: getLock.wait()pool-3-thread-1
[DEBUG] 2019-05-20 22:35:29.302: I'm carfactory.CarBody Supplier.
[DEBUG] 2019-05-20 22:35:29.302: I'm carfactory.CarEngine Supplier.
[DEBUG] 2019-05-20 22:35:29.302: I'm carfactory.CarAccessories Supplier.
[DEBUG] 2019-05-20 22:35:32.269: getLock.wait()Thread-9
[DEBUG] 2019-05-20 22:35:37.305: Car (ID: 1) added to the CarStorage
[DEBUG] 2019-05-20 22:35:37.305: Car taken from the storage.
[DEBUG] 2019-05-20 22:35:37.306: I'm worker
[INFO ] 2019-05-20 22:35:37.317: Dealer 9, Auto 1(Body: 1, Engine: 1, Accessories 1)
[DEBUG] 2019-05-20 22:35:40.318: getLock.wait()Thread-9
[DEBUG] 2019-05-20 22:35:42.307: Car (ID: 2) added to the CarStorage
[DEBUG] 2019-05-20 22:35:42.307: Car taken from the storage.
[DEBUG] 2019-05-20 22:35:42.308: I'm worker
[INFO ] 2019-05-20 22:35:42.308: Dealer 9, Auto 2(Body: 2, Engine: 2, Accessories 2)
[DEBUG] 2019-05-20 22:35:46.026: getLock.wait()Thread-9
[DEBUG] 2019-05-20 22:35:48.025: Car (ID: 3) added to the CarStorage
[DEBUG] 2019-05-20 22:35:48.025: Car taken from the storage.
[INFO ] 2019-05-20 22:35:48.026: Dealer 9, Auto 3(Body: 3, Engine: 3, Accessories 3)
[DEBUG] 2019-05-20 22:35:50.969: carFactory.stop()
[DEBUG] 2019-05-20 22:35:50.970: Interrupted. Finished.
[DEBUG] 2019-05-20 22:35:50.970: Interrupted. Finished.
[DEBUG] 2019-05-20 22:35:50.970: Interrupted. Finished.
[DEBUG] 2019-05-20 22:35:50.969: Interrupted. Finished.
